<?xml version="1.0" encoding="UTF-8"?>
<!-- Generated by org.testng.reporters.JUnitReportReporter -->
<testsuite hostname="LAPTOP-7S80LTFK" failures="0" tests="1" name="Com.Ecommerce.TestCases.TC_NewRegistration" time="9.893" errors="0" timestamp="2024-03-20T12:38:38 IST" skipped="0">
  <testcase classname="Com.Ecommerce.TestCases.TC_NewRegistration" name="Registration" time="9.893"/>
  <system-out/>
</testsuite> <!-- Com.Ecommerce.TestCases.TC_NewRegistration -->
